2022-02-28 10:04:03.729  WARN DESKTOP-H3C67DB --- [l-1 housekeeper] c.z.h.p.HikariPool                       : HikariPool-1 - Thread starvation or clock leap detected (housekeeper delta=19h59m53s865ms647µs200ns).
2022-02-28 10:09:35.677 TRACE DESKTOP-H3C67DB --- [           main] o.s.c.i.s.SpringFactoriesLoader          : Loaded [org.springframework.boot.logging.LoggingSystemFactory] names: [org.springframework.boot.logging.logback.LogbackLoggingSystem.Factory, org.springframework.boot.logging.log4j2.Log4J2LoggingSystem.Factory, org.springframework.boot.logging.java.JavaLoggingSystem.Factory]
2022-02-28 10:09:35.933  INFO DESKTOP-H3C67DB --- [           main] c.s.c.i.CoffeeInventoryApplication       : Starting CoffeeInventoryApplication using Java 11.0.4 on DESKTOP-H3C67DB with PID 20336 (C:\sadaf\CoffeeInventory\target\classes started by jikar in C:\sadaf\CoffeeInventory)
2022-02-28 10:09:35.935  INFO DESKTOP-H3C67DB --- [           main] c.s.c.i.CoffeeInventoryApplication       : No active profile set, falling back to 1 default profile: "default"
2022-02-28 10:09:36.375  INFO DESKTOP-H3C67DB --- [           main] .s.d.r.c.RepositoryConfigurationDelegate : Bootstrapping Spring Data JPA repositories in DEFAULT mode.
2022-02-28 10:09:36.385  INFO DESKTOP-H3C67DB --- [           main] .s.d.r.c.RepositoryConfigurationDelegate : Finished Spring Data repository scanning in 3 ms. Found 0 JPA repository interfaces.
2022-02-28 10:09:36.947  INFO DESKTOP-H3C67DB --- [           main] o.s.b.w.e.t.TomcatWebServer              : Tomcat initialized with port(s): 8080 (http)
2022-02-28 10:09:36.955  INFO DESKTOP-H3C67DB --- [           main] o.a.c.h.Http11NioProtocol                : Initializing ProtocolHandler ["http-nio-8080"]
2022-02-28 10:09:36.955  INFO DESKTOP-H3C67DB --- [           main] o.a.c.c.StandardService                  : Starting service [Tomcat]
2022-02-28 10:09:36.955  INFO DESKTOP-H3C67DB --- [           main] o.a.c.c.StandardEngine                   : Starting Servlet engine: [Apache Tomcat/9.0.58]
2022-02-28 10:09:37.035  INFO DESKTOP-H3C67DB --- [           main] o.a.c.c.C.[.[.[/]                        : Initializing Spring embedded WebApplicationContext
2022-02-28 10:09:37.035  INFO DESKTOP-H3C67DB --- [           main] w.s.c.ServletWebServerApplicationContext : Root WebApplicationContext: initialization completed in 1072 ms
2022-02-28 10:09:37.171  INFO DESKTOP-H3C67DB --- [           main] o.h.j.i.u.LogHelper                      : HHH000204: Processing PersistenceUnitInfo [name: default]
2022-02-28 10:09:37.231  INFO DESKTOP-H3C67DB --- [           main] o.h.Version                              : HHH000412: Hibernate ORM core version 5.6.5.Final
2022-02-28 10:09:37.392  INFO DESKTOP-H3C67DB --- [           main] o.h.a.c.Version                          : HCANN000001: Hibernate Commons Annotations {5.1.2.Final}
2022-02-28 10:09:37.474  INFO DESKTOP-H3C67DB --- [           main] c.z.h.HikariDataSource                   : HikariPool-1 - Starting...
2022-02-28 10:09:37.756  INFO DESKTOP-H3C67DB --- [           main] c.z.h.HikariDataSource                   : HikariPool-1 - Start completed.
2022-02-28 10:09:37.779  INFO DESKTOP-H3C67DB --- [           main] o.h.d.Dialect                            : HHH000400: Using dialect: org.hibernate.dialect.MySQL8Dialect
2022-02-28 10:09:38.487  INFO DESKTOP-H3C67DB --- [           main] o.h.e.t.j.p.i.JtaPlatformInitiator       : HHH000490: Using JtaPlatform implementation: [org.hibernate.engine.transaction.jta.platform.internal.NoJtaPlatform]
2022-02-28 10:09:38.493  INFO DESKTOP-H3C67DB --- [           main] j.LocalContainerEntityManagerFactoryBean : Initialized JPA EntityManagerFactory for persistence unit 'default'
2022-02-28 10:09:38.521  WARN DESKTOP-H3C67DB --- [           main] JpaBaseConfiguration$JpaWebConfiguration : spring.jpa.open-in-view is enabled by default. Therefore, database queries may be performed during view rendering. Explicitly configure spring.jpa.open-in-view to disable this warning
2022-02-28 10:09:38.768  INFO DESKTOP-H3C67DB --- [           main] o.a.c.h.Http11NioProtocol                : Starting ProtocolHandler ["http-nio-8080"]
2022-02-28 10:09:38.796  INFO DESKTOP-H3C67DB --- [           main] o.s.b.w.e.t.TomcatWebServer              : Tomcat started on port(s): 8080 (http) with context path ''
2022-02-28 10:09:38.804  INFO DESKTOP-H3C67DB --- [           main] c.s.c.i.CoffeeInventoryApplication       : Started CoffeeInventoryApplication in 3.137 seconds (JVM running for 3.825)
